2023-03-12 21:20:39.8182 INFO Now listening on: https://localhost:5001
2023-03-12 21:20:39.8577 INFO Now listening on: http://localhost:5000
2023-03-12 21:20:39.8577 INFO Application started. Press Ctrl+C to shut down.
2023-03-12 21:20:39.8577 INFO Hosting environment: Development
2023-03-12 21:20:39.8577 INFO Content root path: C:\DOTNET kurs\Contacts\Contacts
2023-03-12 21:20:43.1651 INFO Request starting HTTP/1.1 POST https://localhost:5001/api/company application/json 140
2023-03-12 21:20:43.2095 INFO Executing endpoint 'Contacts.Controllers.CompanyController.CreateCompany (Contacts)'
2023-03-12 21:20:43.2273 INFO Route matched with {action = "CreateCompany", controller = "Company"}. Executing controller action with signature Microsoft.AspNetCore.Mvc.ActionResult CreateCompany(Contacts.Models.CreateCompanyDto) on controller Contacts.Controllers.CompanyController (Contacts).
2023-03-12 21:20:43.4384 INFO Executing action method Contacts.Controllers.CompanyController.CreateCompany (Contacts) - Validation state: Valid
2023-03-12 21:20:44.9981 INFO Executed action Contacts.Controllers.CompanyController.CreateCompany (Contacts) in 1768.6101ms
2023-03-12 21:20:44.9981 INFO Executed endpoint 'Contacts.Controllers.CompanyController.CreateCompany (Contacts)'
2023-03-12 21:20:45.0585 INFO Request finished HTTP/1.1 POST https://localhost:5001/api/company application/json 140 - 500 - - 1902.2950ms
2023-03-12 21:23:06.3310 INFO Now listening on: https://localhost:5001
2023-03-12 21:23:06.3685 INFO Now listening on: http://localhost:5000
2023-03-12 21:23:06.3685 INFO Application started. Press Ctrl+C to shut down.
2023-03-12 21:23:06.3685 INFO Hosting environment: Development
2023-03-12 21:23:06.3685 INFO Content root path: C:\DOTNET kurs\Contacts\Contacts
2023-03-12 21:23:08.0655 INFO Request starting HTTP/1.1 POST https://localhost:5001/api/company application/json 140
2023-03-12 21:23:08.1093 INFO Executing endpoint 'Contacts.Controllers.CompanyController.CreateCompany (Contacts)'
2023-03-12 21:23:08.1261 INFO Route matched with {action = "CreateCompany", controller = "Company"}. Executing controller action with signature Microsoft.AspNetCore.Mvc.ActionResult CreateCompany(Contacts.Models.CreateCompanyDto) on controller Contacts.Controllers.CompanyController (Contacts).
2023-03-12 21:23:08.3439 INFO Executing action method Contacts.Controllers.CompanyController.CreateCompany (Contacts) - Validation state: Valid
2023-03-12 21:23:30.2529 INFO Executed action Contacts.Controllers.CompanyController.CreateCompany (Contacts) in 22123.8074ms
2023-03-12 21:23:30.2529 INFO Executed endpoint 'Contacts.Controllers.CompanyController.CreateCompany (Contacts)'
2023-03-12 21:23:30.3286 INFO Request finished HTTP/1.1 POST https://localhost:5001/api/company application/json 140 - 500 - - 22263.5342ms
2023-03-12 21:26:14.7628 INFO Now listening on: https://localhost:5001
2023-03-12 21:26:14.7859 INFO Now listening on: http://localhost:5000
2023-03-12 21:26:14.7859 INFO Application started. Press Ctrl+C to shut down.
2023-03-12 21:26:14.7903 INFO Hosting environment: Development
2023-03-12 21:26:14.7903 INFO Content root path: C:\DOTNET kurs\Contacts\Contacts
2023-03-12 21:26:16.8271 INFO Request starting HTTP/1.1 POST https://localhost:5001/api/company application/json 140
2023-03-12 21:26:16.8709 INFO Executing endpoint 'Contacts.Controllers.CompanyController.CreateCompany (Contacts)'
2023-03-12 21:26:16.8880 INFO Route matched with {action = "CreateCompany", controller = "Company"}. Executing controller action with signature Microsoft.AspNetCore.Mvc.ActionResult CreateCompany(Contacts.Models.CreateCompanyDto) on controller Contacts.Controllers.CompanyController (Contacts).
2023-03-12 21:26:17.0968 INFO Executing action method Contacts.Controllers.CompanyController.CreateCompany (Contacts) - Validation state: Valid
2023-03-12 21:26:17.5433 INFO Entity Framework Core 5.0.17 initialized 'ApplicationDbContext' using provider 'Microsoft.EntityFrameworkCore.SqlServer' with options: None
2023-03-12 21:26:17.8697 INFO Executed DbCommand (24ms) [Parameters=[@p0='?' (Size = 50), @p1='?' (Size = 4000), @p2='?' (Size = 50)], CommandType='Text', CommandTimeout='30']
SET NOCOUNT ON;
INSERT INTO [Addresses] ([City], [PostalCode], [Street])
VALUES (@p0, @p1, @p2);
SELECT [Id]
FROM [Addresses]
WHERE @@ROWCOUNT = 1 AND [Id] = scope_identity();
2023-03-12 21:26:17.8900 INFO Executed DbCommand (3ms) [Parameters=[@p3='?' (DbType = Int32), @p4='?' (Size = 4000), @p5='?' (Size = 4000)], CommandType='Text', CommandTimeout='30']
SET NOCOUNT ON;
INSERT INTO [Companies] ([AddressId], [Description], [Name])
VALUES (@p3, @p4, @p5);
SELECT [Id]
FROM [Companies]
WHERE @@ROWCOUNT = 1 AND [Id] = scope_identity();
2023-03-12 21:26:17.9043 INFO Executed action method Contacts.Controllers.CompanyController.CreateCompany (Contacts), returned result Microsoft.AspNetCore.Mvc.CreatedResult in 804.5761ms.
2023-03-12 21:26:17.9043 INFO Executing CreatedResult, writing value of type 'null'.
2023-03-12 21:26:17.9043 INFO Executed action Contacts.Controllers.CompanyController.CreateCompany (Contacts) in 1020.2019ms
2023-03-12 21:26:17.9043 INFO Executed endpoint 'Contacts.Controllers.CompanyController.CreateCompany (Contacts)'
2023-03-12 21:26:17.9144 INFO Request finished HTTP/1.1 POST https://localhost:5001/api/company application/json 140 - 201 0 - 1087.8763ms
2023-03-12 21:26:47.2143 INFO Request starting HTTP/1.1 GET https://localhost:5001/api/company application/json 140
2023-03-12 21:26:47.2313 INFO Executing endpoint 'Contacts.Controllers.CompanyController.GetAll (Contacts)'
2023-03-12 21:26:47.2440 INFO Route matched with {action = "GetAll", controller = "Company"}. Executing controller action with signature Microsoft.AspNetCore.Mvc.ActionResult`1[System.Collections.Generic.IEnumerable`1[Contacts.Models.CompanyDto]] GetAll() on controller Contacts.Controllers.CompanyController (Contacts).
2023-03-12 21:26:47.2631 INFO Executing action method Contacts.Controllers.CompanyController.GetAll (Contacts) - Validation state: Valid
2023-03-12 21:26:47.2813 INFO Entity Framework Core 5.0.17 initialized 'ApplicationDbContext' using provider 'Microsoft.EntityFrameworkCore.SqlServer' with options: None
2023-03-12 21:26:47.5084 INFO Executed DbCommand (4ms) [Parameters=[], CommandType='Text', CommandTimeout='30']
SELECT [c].[Id], [c].[AddressId], [c].[Description], [c].[Name], [a].[Id], [a].[City], [a].[PostalCode], [a].[Street], [t].[Id], [t].[CategoryId], [t].[CompanyId], [t].[Email], [t].[Name], [t].[PhoneNumber], [t].[Id0], [t].[Name0]
FROM [Companies] AS [c]
INNER JOIN [Addresses] AS [a] ON [c].[AddressId] = [a].[Id]
LEFT JOIN (
    SELECT [c0].[Id], [c0].[CategoryId], [c0].[CompanyId], [c0].[Email], [c0].[Name], [c0].[PhoneNumber], [c1].[Id] AS [Id0], [c1].[Name] AS [Name0]
    FROM [Contacts] AS [c0]
    INNER JOIN [Categories] AS [c1] ON [c0].[CategoryId] = [c1].[Id]
) AS [t] ON [c].[Id] = [t].[CompanyId]
ORDER BY [c].[Id], [a].[Id], [t].[Id], [t].[Id0]
2023-03-12 21:26:47.5293 INFO Executed action method Contacts.Controllers.CompanyController.GetAll (Contacts), returned result Microsoft.AspNetCore.Mvc.OkObjectResult in 266.1206ms.
2023-03-12 21:26:47.5293 INFO Executing OkObjectResult, writing value of type 'System.Collections.Generic.List`1[[Contacts.Models.CompanyDto, Contacts, Version=1.0.0.0, Culture=neutral, PublicKeyToken=null]]'.
2023-03-12 21:26:47.5444 INFO Executed action Contacts.Controllers.CompanyController.GetAll (Contacts) in 300.2414ms
2023-03-12 21:26:47.5444 INFO Executed endpoint 'Contacts.Controllers.CompanyController.GetAll (Contacts)'
2023-03-12 21:26:47.5444 INFO Request finished HTTP/1.1 GET https://localhost:5001/api/company application/json 140 - 200 - application/json;+charset=utf-8 330.3130ms
2023-03-12 21:26:57.4647 INFO Request starting HTTP/1.1 GET https://localhost:5001/api/company/3 application/json 140
2023-03-12 21:26:57.4647 INFO Executing endpoint 'Contacts.Controllers.CompanyController.GetById (Contacts)'
2023-03-12 21:26:57.4647 INFO Route matched with {action = "GetById", controller = "Company"}. Executing controller action with signature Microsoft.AspNetCore.Mvc.ActionResult`1[Contacts.Models.ContactDto] GetById(Int32) on controller Contacts.Controllers.CompanyController (Contacts).
2023-03-12 21:26:57.4797 INFO Executing action method Contacts.Controllers.CompanyController.GetById (Contacts) - Validation state: Valid
2023-03-12 21:26:57.4797 INFO Entity Framework Core 5.0.17 initialized 'ApplicationDbContext' using provider 'Microsoft.EntityFrameworkCore.SqlServer' with options: None
2023-03-12 21:26:57.5025 INFO Executed DbCommand (3ms) [Parameters=[@__id_0='?' (DbType = Int32)], CommandType='Text', CommandTimeout='30']
SELECT [t].[Id], [t].[AddressId], [t].[Description], [t].[Name], [t].[Id0], [t].[City], [t].[PostalCode], [t].[Street], [t0].[Id], [t0].[CategoryId], [t0].[CompanyId], [t0].[Email], [t0].[Name], [t0].[PhoneNumber], [t0].[Id0], [t0].[Name0]
FROM (
    SELECT TOP(1) [c].[Id], [c].[AddressId], [c].[Description], [c].[Name], [a].[Id] AS [Id0], [a].[City], [a].[PostalCode], [a].[Street]
    FROM [Companies] AS [c]
    INNER JOIN [Addresses] AS [a] ON [c].[AddressId] = [a].[Id]
    WHERE [c].[Id] = @__id_0
) AS [t]
LEFT JOIN (
    SELECT [c0].[Id], [c0].[CategoryId], [c0].[CompanyId], [c0].[Email], [c0].[Name], [c0].[PhoneNumber], [c1].[Id] AS [Id0], [c1].[Name] AS [Name0]
    FROM [Contacts] AS [c0]
    INNER JOIN [Categories] AS [c1] ON [c0].[CategoryId] = [c1].[Id]
) AS [t0] ON [t].[Id] = [t0].[CompanyId]
ORDER BY [t].[Id], [t].[Id0], [t0].[Id], [t0].[Id0]
2023-03-12 21:26:57.5025 INFO Executed action method Contacts.Controllers.CompanyController.GetById (Contacts), returned result Microsoft.AspNetCore.Mvc.OkObjectResult in 24.745ms.
2023-03-12 21:26:57.5025 INFO Executing OkObjectResult, writing value of type 'Contacts.Models.CompanyDto'.
2023-03-12 21:26:57.5025 INFO Executed action Contacts.Controllers.CompanyController.GetById (Contacts) in 37.4048ms
2023-03-12 21:26:57.5025 INFO Executed endpoint 'Contacts.Controllers.CompanyController.GetById (Contacts)'
2023-03-12 21:26:57.5025 INFO Request finished HTTP/1.1 GET https://localhost:5001/api/company/3 application/json 140 - 200 - application/json;+charset=utf-8 40.1696ms
2023-03-12 21:31:08.7328 INFO Now listening on: https://localhost:5001
2023-03-12 21:31:08.7841 INFO Now listening on: http://localhost:5000
2023-03-12 21:31:08.7841 INFO Application started. Press Ctrl+C to shut down.
2023-03-12 21:31:08.7910 INFO Hosting environment: Development
2023-03-12 21:31:08.7910 INFO Content root path: C:\DOTNET kurs\Contacts\Contacts
2023-03-12 21:31:16.2300 INFO Request starting HTTP/1.1 DELETE https://localhost:5001/api/company/3 application/json 140
2023-03-12 21:31:16.2731 INFO Executing endpoint 'Contacts.Controllers.CompanyController.Delete (Contacts)'
2023-03-12 21:31:16.2913 INFO Route matched with {action = "Delete", controller = "Company"}. Executing controller action with signature Microsoft.AspNetCore.Mvc.ActionResult Delete(Int32) on controller Contacts.Controllers.CompanyController (Contacts).
2023-03-12 21:31:16.4922 INFO Executing action method Contacts.Controllers.CompanyController.Delete (Contacts) - Validation state: Valid
2023-03-12 21:31:16.9051 INFO Entity Framework Core 5.0.17 initialized 'ApplicationDbContext' using provider 'Microsoft.EntityFrameworkCore.SqlServer' with options: None
2023-03-12 21:31:17.2549 INFO Executed DbCommand (23ms) [Parameters=[@__id_0='?' (DbType = Int32)], CommandType='Text', CommandTimeout='30']
SELECT TOP(1) [c].[Id], [c].[AddressId], [c].[Description], [c].[Name]
FROM [Companies] AS [c]
WHERE [c].[Id] = @__id_0
2023-03-12 21:31:17.3583 INFO Executed DbCommand (3ms) [Parameters=[@p0='?' (DbType = Int32)], CommandType='Text', CommandTimeout='30']
SET NOCOUNT ON;
DELETE FROM [Companies]
WHERE [Id] = @p0;
SELECT @@ROWCOUNT;
2023-03-12 21:31:17.3690 INFO Executed action method Contacts.Controllers.CompanyController.Delete (Contacts), returned result Microsoft.AspNetCore.Mvc.NoContentResult in 873.7414ms.
2023-03-12 21:31:17.3690 INFO Executing HttpStatusCodeResult, setting HTTP status code 204
2023-03-12 21:31:17.3690 INFO Executed action Contacts.Controllers.CompanyController.Delete (Contacts) in 1080.324ms
2023-03-12 21:31:17.3690 INFO Executed endpoint 'Contacts.Controllers.CompanyController.Delete (Contacts)'
2023-03-12 21:31:17.3690 INFO Request finished HTTP/1.1 DELETE https://localhost:5001/api/company/3 application/json 140 - 204 - - 1148.8738ms
2023-03-12 21:31:22.9532 INFO Request starting HTTP/1.1 GET https://localhost:5001/api/company application/json 140
2023-03-12 21:31:22.9532 INFO Executing endpoint 'Contacts.Controllers.CompanyController.GetAll (Contacts)'
2023-03-12 21:31:22.9532 INFO Route matched with {action = "GetAll", controller = "Company"}. Executing controller action with signature Microsoft.AspNetCore.Mvc.ActionResult`1[System.Collections.Generic.IEnumerable`1[Contacts.Models.CompanyDto]] GetAll() on controller Contacts.Controllers.CompanyController (Contacts).
2023-03-12 21:31:22.9741 INFO Executing action method Contacts.Controllers.CompanyController.GetAll (Contacts) - Validation state: Valid
2023-03-12 21:31:22.9909 INFO Entity Framework Core 5.0.17 initialized 'ApplicationDbContext' using provider 'Microsoft.EntityFrameworkCore.SqlServer' with options: None
2023-03-12 21:31:23.0654 INFO Executed DbCommand (4ms) [Parameters=[], CommandType='Text', CommandTimeout='30']
SELECT [c].[Id], [c].[AddressId], [c].[Description], [c].[Name], [a].[Id], [a].[City], [a].[PostalCode], [a].[Street], [t].[Id], [t].[CategoryId], [t].[CompanyId], [t].[Email], [t].[Name], [t].[PhoneNumber], [t].[Id0], [t].[Name0]
FROM [Companies] AS [c]
INNER JOIN [Addresses] AS [a] ON [c].[AddressId] = [a].[Id]
LEFT JOIN (
    SELECT [c0].[Id], [c0].[CategoryId], [c0].[CompanyId], [c0].[Email], [c0].[Name], [c0].[PhoneNumber], [c1].[Id] AS [Id0], [c1].[Name] AS [Name0]
    FROM [Contacts] AS [c0]
    INNER JOIN [Categories] AS [c1] ON [c0].[CategoryId] = [c1].[Id]
) AS [t] ON [c].[Id] = [t].[CompanyId]
ORDER BY [c].[Id], [a].[Id], [t].[Id], [t].[Id0]
2023-03-12 21:31:23.0940 INFO Executed action method Contacts.Controllers.CompanyController.GetAll (Contacts), returned result Microsoft.AspNetCore.Mvc.OkObjectResult in 119.8719ms.
2023-03-12 21:31:23.0940 INFO Executing OkObjectResult, writing value of type 'System.Collections.Generic.List`1[[Contacts.Models.CompanyDto, Contacts, Version=1.0.0.0, Culture=neutral, PublicKeyToken=null]]'.
2023-03-12 21:31:23.1163 INFO Executed action Contacts.Controllers.CompanyController.GetAll (Contacts) in 156.6104ms
2023-03-12 21:31:23.1163 INFO Executed endpoint 'Contacts.Controllers.CompanyController.GetAll (Contacts)'
2023-03-12 21:31:23.1163 INFO Request finished HTTP/1.1 GET https://localhost:5001/api/company application/json 140 - 200 - application/json;+charset=utf-8 163.3776ms
2023-03-12 21:49:55.9095 INFO Now listening on: https://localhost:5001
2023-03-12 21:49:55.9291 INFO Now listening on: http://localhost:5000
2023-03-12 21:49:55.9311 INFO Application started. Press Ctrl+C to shut down.
2023-03-12 21:49:55.9311 INFO Hosting environment: Development
2023-03-12 21:49:55.9311 INFO Content root path: C:\DOTNET kurs\Contacts\Contacts
2023-03-12 21:50:02.2856 INFO Request starting HTTP/1.1 POST https://localhost:5001/api/company application/json 140
2023-03-12 21:50:02.3662 INFO Executing endpoint 'Contacts.Controllers.CompanyController.CreateCompany (Contacts)'
2023-03-12 21:50:02.3991 INFO Route matched with {action = "CreateCompany", controller = "Company"}. Executing controller action with signature Microsoft.AspNetCore.Mvc.ActionResult CreateCompany(Contacts.Models.CreateCompanyDto) on controller Contacts.Controllers.CompanyController (Contacts).
2023-03-12 21:50:03.3266 INFO Entity Framework Core 5.0.17 initialized 'ApplicationDbContext' using provider 'Microsoft.EntityFrameworkCore.SqlServer' with options: None
2023-03-12 21:50:03.7143 INFO Executed DbCommand (27ms) [Parameters=[@__Name_0='?' (Size = 4000)], CommandType='Text', CommandTimeout='30']
SELECT CASE
    WHEN EXISTS (
        SELECT 1
        FROM [Companies] AS [c]
        WHERE [c].[Name] = @__Name_0) THEN CAST(1 AS bit)
    ELSE CAST(0 AS bit)
END
2023-03-12 21:50:03.8015 INFO Executing action method Contacts.Controllers.CompanyController.CreateCompany (Contacts) - Validation state: Valid
2023-03-12 21:50:03.9139 INFO Executed DbCommand (1ms) [Parameters=[@p0='?' (Size = 50), @p1='?' (Size = 4000), @p2='?' (Size = 50)], CommandType='Text', CommandTimeout='30']
SET NOCOUNT ON;
INSERT INTO [Addresses] ([City], [PostalCode], [Street])
VALUES (@p0, @p1, @p2);
SELECT [Id]
FROM [Addresses]
WHERE @@ROWCOUNT = 1 AND [Id] = scope_identity();
2023-03-12 21:50:03.9246 INFO Executed DbCommand (2ms) [Parameters=[@p3='?' (DbType = Int32), @p4='?' (Size = 4000), @p5='?' (Size = 4000)], CommandType='Text', CommandTimeout='30']
SET NOCOUNT ON;
INSERT INTO [Companies] ([AddressId], [Description], [Name])
VALUES (@p3, @p4, @p5);
SELECT [Id]
FROM [Companies]
WHERE @@ROWCOUNT = 1 AND [Id] = scope_identity();
2023-03-12 21:50:03.9349 INFO Executed action method Contacts.Controllers.CompanyController.CreateCompany (Contacts), returned result Microsoft.AspNetCore.Mvc.CreatedResult in 131.3477ms.
2023-03-12 21:50:03.9349 INFO Executing CreatedResult, writing value of type 'null'.
2023-03-12 21:50:03.9349 INFO Executed action Contacts.Controllers.CompanyController.CreateCompany (Contacts) in 1540.0929ms
2023-03-12 21:50:03.9349 INFO Executed endpoint 'Contacts.Controllers.CompanyController.CreateCompany (Contacts)'
2023-03-12 21:50:03.9464 INFO Request finished HTTP/1.1 POST https://localhost:5001/api/company application/json 140 - 201 0 - 1663.1662ms
2023-03-12 21:50:07.5314 INFO Request starting HTTP/1.1 POST https://localhost:5001/api/company application/json 140
2023-03-12 21:50:07.5314 INFO Executing endpoint 'Contacts.Controllers.CompanyController.CreateCompany (Contacts)'
2023-03-12 21:50:07.5314 INFO Route matched with {action = "CreateCompany", controller = "Company"}. Executing controller action with signature Microsoft.AspNetCore.Mvc.ActionResult CreateCompany(Contacts.Models.CreateCompanyDto) on controller Contacts.Controllers.CompanyController (Contacts).
2023-03-12 21:50:07.5499 INFO Entity Framework Core 5.0.17 initialized 'ApplicationDbContext' using provider 'Microsoft.EntityFrameworkCore.SqlServer' with options: None
2023-03-12 21:50:07.5499 INFO Executed DbCommand (1ms) [Parameters=[@__Name_0='?' (Size = 4000)], CommandType='Text', CommandTimeout='30']
SELECT CASE
    WHEN EXISTS (
        SELECT 1
        FROM [Companies] AS [c]
        WHERE [c].[Name] = @__Name_0) THEN CAST(1 AS bit)
    ELSE CAST(0 AS bit)
END
2023-03-12 21:50:07.5576 INFO Executing BadRequestObjectResult, writing value of type 'Microsoft.AspNetCore.Mvc.ValidationProblemDetails'.
2023-03-12 21:50:07.5721 INFO Executed action Contacts.Controllers.CompanyController.CreateCompany (Contacts) in 40.005ms
2023-03-12 21:50:07.5721 INFO Executed endpoint 'Contacts.Controllers.CompanyController.CreateCompany (Contacts)'
2023-03-12 21:50:07.5721 INFO Request finished HTTP/1.1 POST https://localhost:5001/api/company application/json 140 - 400 - application/problem+json;+charset=utf-8 41.0061ms
2023-03-12 21:50:20.6803 INFO Request starting HTTP/1.1 POST https://localhost:5001/api/company application/json 141
2023-03-12 21:50:20.6803 INFO Executing endpoint 'Contacts.Controllers.CompanyController.CreateCompany (Contacts)'
2023-03-12 21:50:20.6803 INFO Route matched with {action = "CreateCompany", controller = "Company"}. Executing controller action with signature Microsoft.AspNetCore.Mvc.ActionResult CreateCompany(Contacts.Models.CreateCompanyDto) on controller Contacts.Controllers.CompanyController (Contacts).
2023-03-12 21:50:20.6803 INFO Entity Framework Core 5.0.17 initialized 'ApplicationDbContext' using provider 'Microsoft.EntityFrameworkCore.SqlServer' with options: None
2023-03-12 21:50:20.6803 INFO Executed DbCommand (1ms) [Parameters=[@__Name_0='?' (Size = 4000)], CommandType='Text', CommandTimeout='30']
SELECT CASE
    WHEN EXISTS (
        SELECT 1
        FROM [Companies] AS [c]
        WHERE [c].[Name] = @__Name_0) THEN CAST(1 AS bit)
    ELSE CAST(0 AS bit)
END
2023-03-12 21:50:20.7101 INFO Executing action method Contacts.Controllers.CompanyController.CreateCompany (Contacts) - Validation state: Valid
2023-03-12 21:50:20.7125 INFO Executed DbCommand (1ms) [Parameters=[@p0='?' (Size = 50), @p1='?' (Size = 4000), @p2='?' (Size = 50)], CommandType='Text', CommandTimeout='30']
SET NOCOUNT ON;
INSERT INTO [Addresses] ([City], [PostalCode], [Street])
VALUES (@p0, @p1, @p2);
SELECT [Id]
FROM [Addresses]
WHERE @@ROWCOUNT = 1 AND [Id] = scope_identity();
2023-03-12 21:50:20.7125 INFO Executed DbCommand (1ms) [Parameters=[@p3='?' (DbType = Int32), @p4='?' (Size = 4000), @p5='?' (Size = 4000)], CommandType='Text', CommandTimeout='30']
SET NOCOUNT ON;
INSERT INTO [Companies] ([AddressId], [Description], [Name])
VALUES (@p3, @p4, @p5);
SELECT [Id]
FROM [Companies]
WHERE @@ROWCOUNT = 1 AND [Id] = scope_identity();
2023-03-12 21:50:20.7125 INFO Executed action method Contacts.Controllers.CompanyController.CreateCompany (Contacts), returned result Microsoft.AspNetCore.Mvc.CreatedResult in 4.6365ms.
2023-03-12 21:50:20.7125 INFO Executing CreatedResult, writing value of type 'null'.
2023-03-12 21:50:20.7125 INFO Executed action Contacts.Controllers.CompanyController.CreateCompany (Contacts) in 29.0578ms
2023-03-12 21:50:20.7125 INFO Executed endpoint 'Contacts.Controllers.CompanyController.CreateCompany (Contacts)'
2023-03-12 21:50:20.7125 INFO Request finished HTTP/1.1 POST https://localhost:5001/api/company application/json 141 - 201 0 - 34.8173ms
2023-03-12 21:50:27.9076 INFO Request starting HTTP/1.1 GET https://localhost:5001/api/company - -
2023-03-12 21:50:27.9076 INFO Executing endpoint 'Contacts.Controllers.CompanyController.GetAll (Contacts)'
2023-03-12 21:50:27.9150 INFO Route matched with {action = "GetAll", controller = "Company"}. Executing controller action with signature Microsoft.AspNetCore.Mvc.ActionResult`1[System.Collections.Generic.IEnumerable`1[Contacts.Models.CompanyDto]] GetAll() on controller Contacts.Controllers.CompanyController (Contacts).
2023-03-12 21:50:27.9150 INFO Executing action method Contacts.Controllers.CompanyController.GetAll (Contacts) - Validation state: Valid
2023-03-12 21:50:27.9295 INFO Entity Framework Core 5.0.17 initialized 'ApplicationDbContext' using provider 'Microsoft.EntityFrameworkCore.SqlServer' with options: None
2023-03-12 21:50:28.0231 INFO Executed DbCommand (4ms) [Parameters=[], CommandType='Text', CommandTimeout='30']
SELECT [c].[Id], [c].[AddressId], [c].[Description], [c].[Name], [a].[Id], [a].[City], [a].[PostalCode], [a].[Street], [t].[Id], [t].[CategoryId], [t].[CompanyId], [t].[Email], [t].[Name], [t].[PhoneNumber], [t].[Id0], [t].[Name0]
FROM [Companies] AS [c]
INNER JOIN [Addresses] AS [a] ON [c].[AddressId] = [a].[Id]
LEFT JOIN (
    SELECT [c0].[Id], [c0].[CategoryId], [c0].[CompanyId], [c0].[Email], [c0].[Name], [c0].[PhoneNumber], [c1].[Id] AS [Id0], [c1].[Name] AS [Name0]
    FROM [Contacts] AS [c0]
    INNER JOIN [Categories] AS [c1] ON [c0].[CategoryId] = [c1].[Id]
) AS [t] ON [c].[Id] = [t].[CompanyId]
ORDER BY [c].[Id], [a].[Id], [t].[Id], [t].[Id0]
2023-03-12 21:50:28.0456 INFO Executed action method Contacts.Controllers.CompanyController.GetAll (Contacts), returned result Microsoft.AspNetCore.Mvc.OkObjectResult in 117.2468ms.
2023-03-12 21:50:28.0456 INFO Executing OkObjectResult, writing value of type 'System.Collections.Generic.List`1[[Contacts.Models.CompanyDto, Contacts, Version=1.0.0.0, Culture=neutral, PublicKeyToken=null]]'.
2023-03-12 21:50:28.0456 INFO Executed action Contacts.Controllers.CompanyController.GetAll (Contacts) in 137.4446ms
2023-03-12 21:50:28.0456 INFO Executed endpoint 'Contacts.Controllers.CompanyController.GetAll (Contacts)'
2023-03-12 21:50:28.0456 INFO Request finished HTTP/1.1 GET https://localhost:5001/api/company - - - 200 - application/json;+charset=utf-8 144.9643ms
2023-03-12 21:50:40.7651 INFO Request starting HTTP/1.1 DELETE https://localhost:5001/api/company/5 - -
2023-03-12 21:50:40.7651 INFO Executing endpoint 'Contacts.Controllers.CompanyController.Delete (Contacts)'
2023-03-12 21:50:40.7651 INFO Route matched with {action = "Delete", controller = "Company"}. Executing controller action with signature Microsoft.AspNetCore.Mvc.ActionResult Delete(Int32) on controller Contacts.Controllers.CompanyController (Contacts).
2023-03-12 21:50:40.7851 INFO Executing action method Contacts.Controllers.CompanyController.Delete (Contacts) - Validation state: Valid
2023-03-12 21:50:40.7851 INFO Entity Framework Core 5.0.17 initialized 'ApplicationDbContext' using provider 'Microsoft.EntityFrameworkCore.SqlServer' with options: None
2023-03-12 21:50:40.7892 INFO Executed DbCommand (1ms) [Parameters=[@__id_0='?' (DbType = Int32)], CommandType='Text', CommandTimeout='30']
SELECT TOP(1) [c].[Id], [c].[AddressId], [c].[Description], [c].[Name]
FROM [Companies] AS [c]
WHERE [c].[Id] = @__id_0
2023-03-12 21:50:40.7892 INFO Executed DbCommand (2ms) [Parameters=[@p0='?' (DbType = Int32)], CommandType='Text', CommandTimeout='30']
SET NOCOUNT ON;
DELETE FROM [Companies]
WHERE [Id] = @p0;
SELECT @@ROWCOUNT;
2023-03-12 21:50:40.7892 INFO Executed action method Contacts.Controllers.CompanyController.Delete (Contacts), returned result Microsoft.AspNetCore.Mvc.NoContentResult in 15.4599ms.
2023-03-12 21:50:40.7892 INFO Executing HttpStatusCodeResult, setting HTTP status code 204
2023-03-12 21:50:40.7892 INFO Executed action Contacts.Controllers.CompanyController.Delete (Contacts) in 30.9059ms
2023-03-12 21:50:40.7892 INFO Executed endpoint 'Contacts.Controllers.CompanyController.Delete (Contacts)'
2023-03-12 21:50:40.7892 INFO Request finished HTTP/1.1 DELETE https://localhost:5001/api/company/5 - - - 204 - - 37.3347ms
2023-03-12 21:50:43.8954 INFO Request starting HTTP/1.1 GET https://localhost:5001/api/company - -
2023-03-12 21:50:43.8954 INFO Executing endpoint 'Contacts.Controllers.CompanyController.GetAll (Contacts)'
2023-03-12 21:50:43.8954 INFO Route matched with {action = "GetAll", controller = "Company"}. Executing controller action with signature Microsoft.AspNetCore.Mvc.ActionResult`1[System.Collections.Generic.IEnumerable`1[Contacts.Models.CompanyDto]] GetAll() on controller Contacts.Controllers.CompanyController (Contacts).
2023-03-12 21:50:43.9086 INFO Executing action method Contacts.Controllers.CompanyController.GetAll (Contacts) - Validation state: Valid
2023-03-12 21:50:43.9086 INFO Entity Framework Core 5.0.17 initialized 'ApplicationDbContext' using provider 'Microsoft.EntityFrameworkCore.SqlServer' with options: None
2023-03-12 21:50:43.9086 INFO Executed DbCommand (4ms) [Parameters=[], CommandType='Text', CommandTimeout='30']
SELECT [c].[Id], [c].[AddressId], [c].[Description], [c].[Name], [a].[Id], [a].[City], [a].[PostalCode], [a].[Street], [t].[Id], [t].[CategoryId], [t].[CompanyId], [t].[Email], [t].[Name], [t].[PhoneNumber], [t].[Id0], [t].[Name0]
FROM [Companies] AS [c]
INNER JOIN [Addresses] AS [a] ON [c].[AddressId] = [a].[Id]
LEFT JOIN (
    SELECT [c0].[Id], [c0].[CategoryId], [c0].[CompanyId], [c0].[Email], [c0].[Name], [c0].[PhoneNumber], [c1].[Id] AS [Id0], [c1].[Name] AS [Name0]
    FROM [Contacts] AS [c0]
    INNER JOIN [Categories] AS [c1] ON [c0].[CategoryId] = [c1].[Id]
) AS [t] ON [c].[Id] = [t].[CompanyId]
ORDER BY [c].[Id], [a].[Id], [t].[Id], [t].[Id0]
2023-03-12 21:50:43.9086 INFO Executed action method Contacts.Controllers.CompanyController.GetAll (Contacts), returned result Microsoft.AspNetCore.Mvc.OkObjectResult in 4.8291ms.
2023-03-12 21:50:43.9086 INFO Executing OkObjectResult, writing value of type 'System.Collections.Generic.List`1[[Contacts.Models.CompanyDto, Contacts, Version=1.0.0.0, Culture=neutral, PublicKeyToken=null]]'.
2023-03-12 21:50:43.9086 INFO Executed action Contacts.Controllers.CompanyController.GetAll (Contacts) in 17.823ms
2023-03-12 21:50:43.9086 INFO Executed endpoint 'Contacts.Controllers.CompanyController.GetAll (Contacts)'
2023-03-12 21:50:43.9086 INFO Request finished HTTP/1.1 GET https://localhost:5001/api/company - - - 200 - application/json;+charset=utf-8 18.4133ms
2023-03-12 21:50:54.0168 INFO Request starting HTTP/1.1 POST https://localhost:5001/api/company application/json 130
2023-03-12 21:50:54.0168 INFO Executing endpoint 'Contacts.Controllers.CompanyController.CreateCompany (Contacts)'
2023-03-12 21:50:54.0168 INFO Route matched with {action = "CreateCompany", controller = "Company"}. Executing controller action with signature Microsoft.AspNetCore.Mvc.ActionResult CreateCompany(Contacts.Models.CreateCompanyDto) on controller Contacts.Controllers.CompanyController (Contacts).
2023-03-12 21:50:54.0269 INFO Entity Framework Core 5.0.17 initialized 'ApplicationDbContext' using provider 'Microsoft.EntityFrameworkCore.SqlServer' with options: None
2023-03-12 21:50:54.0269 INFO Executed DbCommand (1ms) [Parameters=[@__Name_0='?' (Size = 4000)], CommandType='Text', CommandTimeout='30']
SELECT CASE
    WHEN EXISTS (
        SELECT 1
        FROM [Companies] AS [c]
        WHERE [c].[Name] = @__Name_0) THEN CAST(1 AS bit)
    ELSE CAST(0 AS bit)
END
2023-03-12 21:50:54.0269 INFO Executing BadRequestObjectResult, writing value of type 'Microsoft.AspNetCore.Mvc.ValidationProblemDetails'.
2023-03-12 21:50:54.0269 INFO Executed action Contacts.Controllers.CompanyController.CreateCompany (Contacts) in 11.4945ms
2023-03-12 21:50:54.0269 INFO Executed endpoint 'Contacts.Controllers.CompanyController.CreateCompany (Contacts)'
2023-03-12 21:50:54.0269 INFO Request finished HTTP/1.1 POST https://localhost:5001/api/company application/json 130 - 400 - application/problem+json;+charset=utf-8 11.9106ms
2023-03-12 21:52:23.8735 INFO Entity Framework Core 5.0.17 initialized 'ApplicationDbContext' using provider 'Microsoft.EntityFrameworkCore.SqlServer' with options: None
2023-03-12 21:52:29.7998 INFO Entity Framework Core 5.0.17 initialized 'ApplicationDbContext' using provider 'Microsoft.EntityFrameworkCore.SqlServer' with options: None
2023-03-12 21:52:29.9553 INFO Executed DbCommand (10ms) [Parameters=[], CommandType='Text', CommandTimeout='30']
SELECT 1
2023-03-12 21:52:29.9712 INFO Executed DbCommand (9ms) [Parameters=[], CommandType='Text', CommandTimeout='30']
SELECT OBJECT_ID(N'[__EFMigrationsHistory]');
2023-03-12 21:52:29.9712 INFO Executed DbCommand (1ms) [Parameters=[], CommandType='Text', CommandTimeout='30']
SELECT 1
2023-03-12 21:52:29.9712 INFO Executed DbCommand (0ms) [Parameters=[], CommandType='Text', CommandTimeout='30']
SELECT OBJECT_ID(N'[__EFMigrationsHistory]');
2023-03-12 21:52:29.9811 INFO Executed DbCommand (2ms) [Parameters=[], CommandType='Text', CommandTimeout='30']
SELECT [MigrationId], [ProductVersion]
FROM [__EFMigrationsHistory]
ORDER BY [MigrationId];
2023-03-12 21:52:29.9811 INFO Applying migration '20230312205223_ChangeEntities'.
2023-03-12 21:52:30.0311 INFO Executed DbCommand (18ms) [Parameters=[], CommandType='Text', CommandTimeout='30']
DECLARE @var0 sysname;
SELECT @var0 = [d].[name]
FROM [sys].[default_constraints] [d]
INNER JOIN [sys].[columns] [c] ON [d].[parent_column_id] = [c].[column_id] AND [d].[parent_object_id] = [c].[object_id]
WHERE ([d].[parent_object_id] = OBJECT_ID(N'[Contacts]') AND [c].[name] = N'Email');
IF @var0 IS NOT NULL EXEC(N'ALTER TABLE [Contacts] DROP CONSTRAINT [' + @var0 + '];');
ALTER TABLE [Contacts] ALTER COLUMN [Email] nvarchar(max) NOT NULL;
ALTER TABLE [Contacts] ADD DEFAULT N'' FOR [Email];
2023-03-12 21:53:36.6059 INFO Entity Framework Core 5.0.17 initialized 'ApplicationDbContext' using provider 'Microsoft.EntityFrameworkCore.SqlServer' with options: None
2023-03-12 21:53:43.6399 INFO Entity Framework Core 5.0.17 initialized 'ApplicationDbContext' using provider 'Microsoft.EntityFrameworkCore.SqlServer' with options: None
2023-03-12 21:53:43.7948 INFO Executed DbCommand (11ms) [Parameters=[], CommandType='Text', CommandTimeout='30']
SELECT 1
2023-03-12 21:53:43.8105 INFO Executed DbCommand (9ms) [Parameters=[], CommandType='Text', CommandTimeout='30']
SELECT OBJECT_ID(N'[__EFMigrationsHistory]');
2023-03-12 21:53:43.8105 INFO Executed DbCommand (1ms) [Parameters=[], CommandType='Text', CommandTimeout='30']
SELECT 1
2023-03-12 21:53:43.8105 INFO Executed DbCommand (0ms) [Parameters=[], CommandType='Text', CommandTimeout='30']
SELECT OBJECT_ID(N'[__EFMigrationsHistory]');
2023-03-12 21:53:43.8105 INFO Executed DbCommand (1ms) [Parameters=[], CommandType='Text', CommandTimeout='30']
SELECT [MigrationId], [ProductVersion]
FROM [__EFMigrationsHistory]
ORDER BY [MigrationId];
2023-03-12 21:53:43.8281 INFO Applying migration '20230312205336_ChangeEntities'.
2023-03-12 21:53:43.8617 INFO Executed DbCommand (12ms) [Parameters=[], CommandType='Text', CommandTimeout='30']
DECLARE @var0 sysname;
SELECT @var0 = [d].[name]
FROM [sys].[default_constraints] [d]
INNER JOIN [sys].[columns] [c] ON [d].[parent_column_id] = [c].[column_id] AND [d].[parent_object_id] = [c].[object_id]
WHERE ([d].[parent_object_id] = OBJECT_ID(N'[Companies]') AND [c].[name] = N'Description');
IF @var0 IS NOT NULL EXEC(N'ALTER TABLE [Companies] DROP CONSTRAINT [' + @var0 + '];');
ALTER TABLE [Companies] ALTER COLUMN [Description] nvarchar(max) NULL;
2023-03-12 21:53:43.8617 INFO Executed DbCommand (1ms) [Parameters=[], CommandType='Text', CommandTimeout='30']
INSERT INTO [__EFMigrationsHistory] ([MigrationId], [ProductVersion])
VALUES (N'20230312205336_ChangeEntities', N'5.0.17');
2023-03-12 22:01:27.8132 INFO Now listening on: https://localhost:5001
2023-03-12 22:01:27.8379 INFO Now listening on: http://localhost:5000
2023-03-12 22:01:27.8379 INFO Application started. Press Ctrl+C to shut down.
2023-03-12 22:01:27.8379 INFO Hosting environment: Development
2023-03-12 22:01:27.8379 INFO Content root path: C:\DOTNET kurs\Contacts\Contacts
2023-03-12 22:01:32.4497 INFO Request starting HTTP/1.1 GET https://localhost:5001/api/company - -
2023-03-12 22:01:32.5083 INFO Executing endpoint 'Contacts.Controllers.CompanyController.GetAll (Contacts)'
2023-03-12 22:01:32.5083 INFO Route matched with {action = "GetAll", controller = "Company"}. Executing controller action with signature Microsoft.AspNetCore.Mvc.ActionResult`1[System.Collections.Generic.IEnumerable`1[Contacts.Models.CompanyDto]] GetAll() on controller Contacts.Controllers.CompanyController (Contacts).
2023-03-12 22:01:32.7415 INFO Executing action method Contacts.Controllers.CompanyController.GetAll (Contacts) - Validation state: Valid
2023-03-12 22:01:33.1851 INFO Entity Framework Core 5.0.17 initialized 'ApplicationDbContext' using provider 'Microsoft.EntityFrameworkCore.SqlServer' with options: None
2023-03-12 22:01:33.6031 INFO Executed DbCommand (18ms) [Parameters=[], CommandType='Text', CommandTimeout='30']
SELECT [c].[Id], [c].[AddressId], [c].[Description], [c].[Name], [a].[Id], [a].[City], [a].[PostalCode], [a].[Street], [t].[Id], [t].[CategoryId], [t].[CompanyId], [t].[Email], [t].[Name], [t].[PhoneNumber], [t].[Id0], [t].[Name0]
FROM [Companies] AS [c]
INNER JOIN [Addresses] AS [a] ON [c].[AddressId] = [a].[Id]
LEFT JOIN (
    SELECT [c0].[Id], [c0].[CategoryId], [c0].[CompanyId], [c0].[Email], [c0].[Name], [c0].[PhoneNumber], [c1].[Id] AS [Id0], [c1].[Name] AS [Name0]
    FROM [Contacts] AS [c0]
    INNER JOIN [Categories] AS [c1] ON [c0].[CategoryId] = [c1].[Id]
) AS [t] ON [c].[Id] = [t].[CompanyId]
ORDER BY [c].[Id], [a].[Id], [t].[Id], [t].[Id0]
2023-03-12 22:01:33.6771 INFO Executed action method Contacts.Controllers.CompanyController.GetAll (Contacts), returned result Microsoft.AspNetCore.Mvc.OkObjectResult in 932.5214ms.
2023-03-12 22:01:33.6809 INFO Executing OkObjectResult, writing value of type 'System.Collections.Generic.List`1[[Contacts.Models.CompanyDto, Contacts, Version=1.0.0.0, Culture=neutral, PublicKeyToken=null]]'.
2023-03-12 22:01:33.7163 INFO Executed action Contacts.Controllers.CompanyController.GetAll (Contacts) in 1194.0072ms
2023-03-12 22:01:33.7163 INFO Executed endpoint 'Contacts.Controllers.CompanyController.GetAll (Contacts)'
2023-03-12 22:01:33.7163 INFO Request finished HTTP/1.1 GET https://localhost:5001/api/company - - - 200 - application/json;+charset=utf-8 1270.3901ms
2023-03-12 22:03:25.7218 INFO Request starting HTTP/1.1 POST https://localhost:5001/api/company/4/contact application/json 105
2023-03-12 22:03:25.7657 INFO Executing endpoint 'Contacts.Controllers.ContactController.CreateContact (Contacts)'
2023-03-12 22:03:25.7797 INFO Route matched with {action = "CreateContact", controller = "Contact"}. Executing controller action with signature Microsoft.AspNetCore.Mvc.ActionResult CreateContact(Int32, Contacts.Models.CreateContactDto) on controller Contacts.Controllers.ContactController (Contacts).
2023-03-12 22:03:25.8226 INFO Executing action method Contacts.Controllers.ContactController.CreateContact (Contacts) - Validation state: Valid
2023-03-12 22:03:25.8432 INFO Entity Framework Core 5.0.17 initialized 'ApplicationDbContext' using provider 'Microsoft.EntityFrameworkCore.SqlServer' with options: None
2023-03-12 22:03:25.8776 INFO Executed DbCommand (16ms) [Parameters=[@__companyId_0='?' (DbType = Int32)], CommandType='Text', CommandTimeout='30']
SELECT [t].[Id], [t].[AddressId], [t].[Description], [t].[Name], [t0].[Id], [t0].[CategoryId], [t0].[CompanyId], [t0].[Email], [t0].[Name], [t0].[PhoneNumber], [t0].[Id0], [t0].[Name0]
FROM (
    SELECT TOP(1) [c].[Id], [c].[AddressId], [c].[Description], [c].[Name]
    FROM [Companies] AS [c]
    WHERE [c].[Id] = @__companyId_0
) AS [t]
LEFT JOIN (
    SELECT [c0].[Id], [c0].[CategoryId], [c0].[CompanyId], [c0].[Email], [c0].[Name], [c0].[PhoneNumber], [c1].[Id] AS [Id0], [c1].[Name] AS [Name0]
    FROM [Contacts] AS [c0]
    INNER JOIN [Categories] AS [c1] ON [c0].[CategoryId] = [c1].[Id]
) AS [t0] ON [t].[Id] = [t0].[CompanyId]
ORDER BY [t].[Id], [t0].[Id], [t0].[Id0]
2023-03-12 22:03:42.1016 INFO Executed action Contacts.Controllers.ContactController.CreateContact (Contacts) in 16321.763ms
2023-03-12 22:03:42.1016 INFO Executed endpoint 'Contacts.Controllers.ContactController.CreateContact (Contacts)'
2023-03-12 22:03:42.1721 INFO Request finished HTTP/1.1 POST https://localhost:5001/api/company/4/contact application/json 105 - 500 - - 16454.0144ms
2023-03-12 22:04:35.0974 INFO Now listening on: https://localhost:5001
2023-03-12 22:04:35.1203 INFO Now listening on: http://localhost:5000
2023-03-12 22:04:35.1203 INFO Application started. Press Ctrl+C to shut down.
2023-03-12 22:04:35.1203 INFO Hosting environment: Development
2023-03-12 22:04:35.1203 INFO Content root path: C:\DOTNET kurs\Contacts\Contacts
2023-03-12 22:04:37.0083 INFO Request starting HTTP/1.1 POST https://localhost:5001/api/company/4/contact application/json 105
2023-03-12 22:04:37.0531 INFO Executing endpoint 'Contacts.Controllers.ContactController.CreateContact (Contacts)'
2023-03-12 22:04:37.0702 INFO Route matched with {action = "CreateContact", controller = "Contact"}. Executing controller action with signature Microsoft.AspNetCore.Mvc.ActionResult CreateContact(Int32, Contacts.Models.CreateContactDto) on controller Contacts.Controllers.ContactController (Contacts).
2023-03-12 22:04:37.3087 INFO Executing action method Contacts.Controllers.ContactController.CreateContact (Contacts) - Validation state: Valid
2023-03-12 22:04:37.7453 INFO Entity Framework Core 5.0.17 initialized 'ApplicationDbContext' using provider 'Microsoft.EntityFrameworkCore.SqlServer' with options: None
2023-03-12 22:04:38.1793 INFO Executed DbCommand (24ms) [Parameters=[@__companyId_0='?' (DbType = Int32)], CommandType='Text', CommandTimeout='30']
SELECT [t].[Id], [t].[AddressId], [t].[Description], [t].[Name], [t0].[Id], [t0].[CategoryId], [t0].[CompanyId], [t0].[Email], [t0].[Name], [t0].[PhoneNumber], [t0].[Id0], [t0].[Name0]
FROM (
    SELECT TOP(1) [c].[Id], [c].[AddressId], [c].[Description], [c].[Name]
    FROM [Companies] AS [c]
    WHERE [c].[Id] = @__companyId_0
) AS [t]
LEFT JOIN (
    SELECT [c0].[Id], [c0].[CategoryId], [c0].[CompanyId], [c0].[Email], [c0].[Name], [c0].[PhoneNumber], [c1].[Id] AS [Id0], [c1].[Name] AS [Name0]
    FROM [Contacts] AS [c0]
    INNER JOIN [Categories] AS [c1] ON [c0].[CategoryId] = [c1].[Id]
) AS [t0] ON [t].[Id] = [t0].[CompanyId]
ORDER BY [t].[Id], [t0].[Id], [t0].[Id0]
2023-03-12 22:04:38.3063 INFO Executed DbCommand (3ms) [Parameters=[@p0='?' (DbType = Int32), @p1='?' (DbType = Int32), @p2='?' (Size = 4000), @p3='?' (Size = 100), @p4='?' (Size = 4000)], CommandType='Text', CommandTimeout='30']
SET NOCOUNT ON;
INSERT INTO [Contacts] ([CategoryId], [CompanyId], [Email], [Name], [PhoneNumber])
VALUES (@p0, @p1, @p2, @p3, @p4);
SELECT [Id]
FROM [Contacts]
WHERE @@ROWCOUNT = 1 AND [Id] = scope_identity();
2023-03-12 22:04:38.3269 INFO Executed action method Contacts.Controllers.ContactController.CreateContact (Contacts), returned result Microsoft.AspNetCore.Mvc.CreatedResult in 1015.0701ms.
2023-03-12 22:04:38.3269 INFO Executing CreatedResult, writing value of type 'null'.
2023-03-12 22:04:38.3269 INFO Executed action Contacts.Controllers.ContactController.CreateContact (Contacts) in 1260.2234ms
2023-03-12 22:04:38.3269 INFO Executed endpoint 'Contacts.Controllers.ContactController.CreateContact (Contacts)'
2023-03-12 22:04:38.3365 INFO Request finished HTTP/1.1 POST https://localhost:5001/api/company/4/contact application/json 105 - 201 0 - 1328.7799ms
2023-03-12 22:04:42.3507 INFO Request starting HTTP/1.1 GET https://localhost:5001/api/company/4 - -
2023-03-12 22:04:42.3553 INFO Executing endpoint 'Contacts.Controllers.CompanyController.GetById (Contacts)'
2023-03-12 22:04:42.3553 INFO Route matched with {action = "GetById", controller = "Company"}. Executing controller action with signature Microsoft.AspNetCore.Mvc.ActionResult`1[Contacts.Models.ContactDto] GetById(Int32) on controller Contacts.Controllers.CompanyController (Contacts).
2023-03-12 22:04:42.3815 INFO Executing action method Contacts.Controllers.CompanyController.GetById (Contacts) - Validation state: Valid
2023-03-12 22:04:42.3991 INFO Entity Framework Core 5.0.17 initialized 'ApplicationDbContext' using provider 'Microsoft.EntityFrameworkCore.SqlServer' with options: None
2023-03-12 22:04:42.3991 INFO Executed DbCommand (3ms) [Parameters=[@__id_0='?' (DbType = Int32)], CommandType='Text', CommandTimeout='30']
SELECT [t].[Id], [t].[AddressId], [t].[Description], [t].[Name], [t].[Id0], [t].[City], [t].[PostalCode], [t].[Street], [t0].[Id], [t0].[CategoryId], [t0].[CompanyId], [t0].[Email], [t0].[Name], [t0].[PhoneNumber], [t0].[Id0], [t0].[Name0]
FROM (
    SELECT TOP(1) [c].[Id], [c].[AddressId], [c].[Description], [c].[Name], [a].[Id] AS [Id0], [a].[City], [a].[PostalCode], [a].[Street]
    FROM [Companies] AS [c]
    INNER JOIN [Addresses] AS [a] ON [c].[AddressId] = [a].[Id]
    WHERE [c].[Id] = @__id_0
) AS [t]
LEFT JOIN (
    SELECT [c0].[Id], [c0].[CategoryId], [c0].[CompanyId], [c0].[Email], [c0].[Name], [c0].[PhoneNumber], [c1].[Id] AS [Id0], [c1].[Name] AS [Name0]
    FROM [Contacts] AS [c0]
    INNER JOIN [Categories] AS [c1] ON [c0].[CategoryId] = [c1].[Id]
) AS [t0] ON [t].[Id] = [t0].[CompanyId]
ORDER BY [t].[Id], [t].[Id0], [t0].[Id], [t0].[Id0]
2023-03-12 22:04:42.4274 INFO Executed action method Contacts.Controllers.CompanyController.GetById (Contacts), returned result Microsoft.AspNetCore.Mvc.OkObjectResult in 45.8159ms.
2023-03-12 22:04:42.4274 INFO Executing OkObjectResult, writing value of type 'Contacts.Models.CompanyDto'.
2023-03-12 22:04:42.4424 INFO Executed action Contacts.Controllers.CompanyController.GetById (Contacts) in 86.0314ms
2023-03-12 22:04:42.4424 INFO Executed endpoint 'Contacts.Controllers.CompanyController.GetById (Contacts)'
2023-03-12 22:04:42.4424 INFO Request finished HTTP/1.1 GET https://localhost:5001/api/company/4 - - - 200 - application/json;+charset=utf-8 91.9419ms
2023-03-12 22:06:11.6805 INFO Now listening on: https://localhost:5001
2023-03-12 22:06:11.7001 INFO Now listening on: http://localhost:5000
2023-03-12 22:06:11.7001 INFO Application started. Press Ctrl+C to shut down.
2023-03-12 22:06:11.7001 INFO Hosting environment: Development
2023-03-12 22:06:11.7001 INFO Content root path: C:\DOTNET kurs\Contacts\Contacts
2023-03-12 22:06:13.3024 INFO Request starting HTTP/1.1 POST https://localhost:5001/api/company/4/contact application/json 105
2023-03-12 22:06:13.3450 INFO Executing endpoint 'Contacts.Controllers.ContactController.CreateContact (Contacts)'
2023-03-12 22:06:13.3626 INFO Route matched with {action = "CreateContact", controller = "Contact"}. Executing controller action with signature Microsoft.AspNetCore.Mvc.ActionResult CreateContact(Int32, Contacts.Models.CreateContactDto) on controller Contacts.Controllers.ContactController (Contacts).
2023-03-12 22:06:13.5502 INFO Executing BadRequestObjectResult, writing value of type 'Microsoft.AspNetCore.Mvc.ValidationProblemDetails'.
2023-03-12 22:06:13.5729 INFO Executed action Contacts.Controllers.ContactController.CreateContact (Contacts) in 208.0914ms
2023-03-12 22:06:13.5729 INFO Executed endpoint 'Contacts.Controllers.ContactController.CreateContact (Contacts)'
2023-03-12 22:06:13.5729 INFO Request finished HTTP/1.1 POST https://localhost:5001/api/company/4/contact application/json 105 - 400 - application/problem+json;+charset=utf-8 272.9188ms
2023-03-12 22:06:29.6721 INFO Request starting HTTP/1.1 POST https://localhost:5001/api/company/4/contact application/json 105
2023-03-12 22:06:29.6721 INFO Executing endpoint 'Contacts.Controllers.ContactController.CreateContact (Contacts)'
2023-03-12 22:06:29.6721 INFO Route matched with {action = "CreateContact", controller = "Contact"}. Executing controller action with signature Microsoft.AspNetCore.Mvc.ActionResult CreateContact(Int32, Contacts.Models.CreateContactDto) on controller Contacts.Controllers.ContactController (Contacts).
2023-03-12 22:06:29.7302 INFO Executing action method Contacts.Controllers.ContactController.CreateContact (Contacts) - Validation state: Valid
2023-03-12 22:06:30.1418 INFO Entity Framework Core 5.0.17 initialized 'ApplicationDbContext' using provider 'Microsoft.EntityFrameworkCore.SqlServer' with options: None
2023-03-12 22:06:30.5552 INFO Executed DbCommand (23ms) [Parameters=[@__companyId_0='?' (DbType = Int32)], CommandType='Text', CommandTimeout='30']
SELECT [t].[Id], [t].[AddressId], [t].[Description], [t].[Name], [t0].[Id], [t0].[CategoryId], [t0].[CompanyId], [t0].[Email], [t0].[Name], [t0].[PhoneNumber], [t0].[Id0], [t0].[Name0]
FROM (
    SELECT TOP(1) [c].[Id], [c].[AddressId], [c].[Description], [c].[Name]
    FROM [Companies] AS [c]
    WHERE [c].[Id] = @__companyId_0
) AS [t]
LEFT JOIN (
    SELECT [c0].[Id], [c0].[CategoryId], [c0].[CompanyId], [c0].[Email], [c0].[Name], [c0].[PhoneNumber], [c1].[Id] AS [Id0], [c1].[Name] AS [Name0]
    FROM [Contacts] AS [c0]
    INNER JOIN [Categories] AS [c1] ON [c0].[CategoryId] = [c1].[Id]
) AS [t0] ON [t].[Id] = [t0].[CompanyId]
ORDER BY [t].[Id], [t0].[Id], [t0].[Id0]
2023-03-12 22:06:30.6839 INFO Executed DbCommand (2ms) [Parameters=[@p0='?' (DbType = Int32), @p1='?' (DbType = Int32), @p2='?' (Size = 4000), @p3='?' (Size = 100), @p4='?' (Size = 4000)], CommandType='Text', CommandTimeout='30']
SET NOCOUNT ON;
INSERT INTO [Contacts] ([CategoryId], [CompanyId], [Email], [Name], [PhoneNumber])
VALUES (@p0, @p1, @p2, @p3, @p4);
SELECT [Id]
FROM [Contacts]
WHERE @@ROWCOUNT = 1 AND [Id] = scope_identity();
2023-03-12 22:06:30.7048 INFO Executed action method Contacts.Controllers.ContactController.CreateContact (Contacts), returned result Microsoft.AspNetCore.Mvc.CreatedResult in 972.6194ms.
2023-03-12 22:06:30.7048 INFO Executing CreatedResult, writing value of type 'null'.
2023-03-12 22:06:30.7048 INFO Executed action Contacts.Controllers.ContactController.CreateContact (Contacts) in 1028.5004ms
2023-03-12 22:06:30.7048 INFO Executed endpoint 'Contacts.Controllers.ContactController.CreateContact (Contacts)'
2023-03-12 22:06:30.7048 INFO Request finished HTTP/1.1 POST https://localhost:5001/api/company/4/contact application/json 105 - 201 0 - 1034.7894ms
2023-03-12 22:06:46.0557 INFO Request starting HTTP/1.1 POST https://localhost:5001/api/company/4/contact application/json 111
2023-03-12 22:06:46.0557 INFO Executing endpoint 'Contacts.Controllers.ContactController.CreateContact (Contacts)'
2023-03-12 22:06:46.0557 INFO Route matched with {action = "CreateContact", controller = "Contact"}. Executing controller action with signature Microsoft.AspNetCore.Mvc.ActionResult CreateContact(Int32, Contacts.Models.CreateContactDto) on controller Contacts.Controllers.ContactController (Contacts).
2023-03-12 22:06:46.0557 INFO Executing BadRequestObjectResult, writing value of type 'Microsoft.AspNetCore.Mvc.ValidationProblemDetails'.
2023-03-12 22:06:46.0557 INFO Executed action Contacts.Controllers.ContactController.CreateContact (Contacts) in 1.434ms
2023-03-12 22:06:46.0557 INFO Executed endpoint 'Contacts.Controllers.ContactController.CreateContact (Contacts)'
2023-03-12 22:06:46.0557 INFO Request finished HTTP/1.1 POST https://localhost:5001/api/company/4/contact application/json 111 - 400 - application/problem+json;+charset=utf-8 6.0943ms
2023-03-12 22:07:25.6330 INFO Request starting HTTP/1.1 GET https://localhost:5001/api/company/4 - -
2023-03-12 22:07:25.6330 INFO Executing endpoint 'Contacts.Controllers.CompanyController.GetById (Contacts)'
2023-03-12 22:07:25.6330 INFO Route matched with {action = "GetById", controller = "Company"}. Executing controller action with signature Microsoft.AspNetCore.Mvc.ActionResult`1[Contacts.Models.ContactDto] GetById(Int32) on controller Contacts.Controllers.CompanyController (Contacts).
2023-03-12 22:07:25.6599 INFO Executing action method Contacts.Controllers.CompanyController.GetById (Contacts) - Validation state: Valid
2023-03-12 22:07:25.6764 INFO Entity Framework Core 5.0.17 initialized 'ApplicationDbContext' using provider 'Microsoft.EntityFrameworkCore.SqlServer' with options: None
2023-03-12 22:07:25.6886 INFO Executed DbCommand (3ms) [Parameters=[@__id_0='?' (DbType = Int32)], CommandType='Text', CommandTimeout='30']
SELECT [t].[Id], [t].[AddressId], [t].[Description], [t].[Name], [t].[Id0], [t].[City], [t].[PostalCode], [t].[Street], [t0].[Id], [t0].[CategoryId], [t0].[CompanyId], [t0].[Email], [t0].[Name], [t0].[PhoneNumber], [t0].[Id0], [t0].[Name0]
FROM (
    SELECT TOP(1) [c].[Id], [c].[AddressId], [c].[Description], [c].[Name], [a].[Id] AS [Id0], [a].[City], [a].[PostalCode], [a].[Street]
    FROM [Companies] AS [c]
    INNER JOIN [Addresses] AS [a] ON [c].[AddressId] = [a].[Id]
    WHERE [c].[Id] = @__id_0
) AS [t]
LEFT JOIN (
    SELECT [c0].[Id], [c0].[CategoryId], [c0].[CompanyId], [c0].[Email], [c0].[Name], [c0].[PhoneNumber], [c1].[Id] AS [Id0], [c1].[Name] AS [Name0]
    FROM [Contacts] AS [c0]
    INNER JOIN [Categories] AS [c1] ON [c0].[CategoryId] = [c1].[Id]
) AS [t0] ON [t].[Id] = [t0].[CompanyId]
ORDER BY [t].[Id], [t].[Id0], [t0].[Id], [t0].[Id0]
2023-03-12 22:07:25.6983 INFO Executed action method Contacts.Controllers.CompanyController.GetById (Contacts), returned result Microsoft.AspNetCore.Mvc.OkObjectResult in 38.2611ms.
2023-03-12 22:07:25.6983 INFO Executing OkObjectResult, writing value of type 'Contacts.Models.CompanyDto'.
2023-03-12 22:07:25.6983 INFO Executed action Contacts.Controllers.CompanyController.GetById (Contacts) in 55.4417ms
2023-03-12 22:07:25.6983 INFO Executed endpoint 'Contacts.Controllers.CompanyController.GetById (Contacts)'
2023-03-12 22:07:25.6983 INFO Request finished HTTP/1.1 GET https://localhost:5001/api/company/4 - - - 200 - application/json;+charset=utf-8 71.3518ms
2023-03-12 22:07:32.5233 INFO Request starting HTTP/1.1 POST https://localhost:5001/api/company/4/contact application/json 110
2023-03-12 22:07:32.5233 INFO Executing endpoint 'Contacts.Controllers.ContactController.CreateContact (Contacts)'
2023-03-12 22:07:32.5237 INFO Route matched with {action = "CreateContact", controller = "Contact"}. Executing controller action with signature Microsoft.AspNetCore.Mvc.ActionResult CreateContact(Int32, Contacts.Models.CreateContactDto) on controller Contacts.Controllers.ContactController (Contacts).
2023-03-12 22:07:32.5237 INFO Executing BadRequestObjectResult, writing value of type 'Microsoft.AspNetCore.Mvc.ValidationProblemDetails'.
2023-03-12 22:07:32.5237 INFO Executed action Contacts.Controllers.ContactController.CreateContact (Contacts) in 0.4788ms
2023-03-12 22:07:32.5237 INFO Executed endpoint 'Contacts.Controllers.ContactController.CreateContact (Contacts)'
2023-03-12 22:07:32.5237 INFO Request finished HTTP/1.1 POST https://localhost:5001/api/company/4/contact application/json 110 - 400 - application/problem+json;+charset=utf-8 1.0321ms
2023-03-12 22:10:27.7139 INFO Now listening on: https://localhost:5001
2023-03-12 22:10:27.7358 INFO Now listening on: http://localhost:5000
2023-03-12 22:10:27.7358 INFO Application started. Press Ctrl+C to shut down.
2023-03-12 22:10:27.7358 INFO Hosting environment: Development
2023-03-12 22:10:27.7358 INFO Content root path: C:\DOTNET kurs\Contacts\Contacts
2023-03-12 22:10:47.4356 INFO Request starting HTTP/1.1 DELETE https://localhost:5001/api/company/4/contact/8 application/json 110
2023-03-12 22:10:47.4782 INFO Executing endpoint 'Contacts.Controllers.ContactController.Delete (Contacts)'
2023-03-12 22:10:47.4956 INFO Route matched with {action = "Delete", controller = "Contact"}. Executing controller action with signature Microsoft.AspNetCore.Mvc.ActionResult Delete(Int32, Int32) on controller Contacts.Controllers.ContactController (Contacts).
2023-03-12 22:10:47.7201 INFO Executing action method Contacts.Controllers.ContactController.Delete (Contacts) - Validation state: Valid
2023-03-12 22:10:48.1322 INFO Entity Framework Core 5.0.17 initialized 'ApplicationDbContext' using provider 'Microsoft.EntityFrameworkCore.SqlServer' with options: None
2023-03-12 22:10:48.5358 INFO Executed DbCommand (22ms) [Parameters=[@__companyId_0='?' (DbType = Int32)], CommandType='Text', CommandTimeout='30']
SELECT [t].[Id], [t].[AddressId], [t].[Description], [t].[Name], [t0].[Id], [t0].[CategoryId], [t0].[CompanyId], [t0].[Email], [t0].[Name], [t0].[PhoneNumber], [t0].[Id0], [t0].[Name0]
FROM (
    SELECT TOP(1) [c].[Id], [c].[AddressId], [c].[Description], [c].[Name]
    FROM [Companies] AS [c]
    WHERE [c].[Id] = @__companyId_0
) AS [t]
LEFT JOIN (
    SELECT [c0].[Id], [c0].[CategoryId], [c0].[CompanyId], [c0].[Email], [c0].[Name], [c0].[PhoneNumber], [c1].[Id] AS [Id0], [c1].[Name] AS [Name0]
    FROM [Contacts] AS [c0]
    INNER JOIN [Categories] AS [c1] ON [c0].[CategoryId] = [c1].[Id]
) AS [t0] ON [t].[Id] = [t0].[CompanyId]
ORDER BY [t].[Id], [t0].[Id], [t0].[Id0]
2023-03-12 22:10:48.5967 INFO Executed DbCommand (2ms) [Parameters=[@__id_0='?' (DbType = Int32)], CommandType='Text', CommandTimeout='30']
SELECT TOP(1) [c].[Id], [c].[CategoryId], [c].[CompanyId], [c].[Email], [c].[Name], [c].[PhoneNumber]
FROM [Contacts] AS [c]
WHERE [c].[Id] = @__id_0
2023-03-12 22:10:48.6503 INFO Executed DbCommand (1ms) [Parameters=[@p0='?' (DbType = Int32)], CommandType='Text', CommandTimeout='30']
SET NOCOUNT ON;
DELETE FROM [Contacts]
WHERE [Id] = @p0;
SELECT @@ROWCOUNT;
2023-03-12 22:10:48.6503 INFO Executed action method Contacts.Controllers.ContactController.Delete (Contacts), returned result Microsoft.AspNetCore.Mvc.NoContentResult in 938.2907ms.
2023-03-12 22:10:48.6503 INFO Executing HttpStatusCodeResult, setting HTTP status code 204
2023-03-12 22:10:48.6656 INFO Executed action Contacts.Controllers.ContactController.Delete (Contacts) in 1168.2167ms
2023-03-12 22:10:48.6656 INFO Executed endpoint 'Contacts.Controllers.ContactController.Delete (Contacts)'
2023-03-12 22:10:48.6656 INFO Request finished HTTP/1.1 DELETE https://localhost:5001/api/company/4/contact/8 application/json 110 - 204 - - 1234.1849ms
2023-03-12 22:10:52.5586 INFO Request starting HTTP/1.1 DELETE https://localhost:5001/api/company/4/contact/7 application/json 110
2023-03-12 22:10:52.5586 INFO Executing endpoint 'Contacts.Controllers.ContactController.Delete (Contacts)'
2023-03-12 22:10:52.5586 INFO Route matched with {action = "Delete", controller = "Contact"}. Executing controller action with signature Microsoft.AspNetCore.Mvc.ActionResult Delete(Int32, Int32) on controller Contacts.Controllers.ContactController (Contacts).
2023-03-12 22:10:52.6090 INFO Executing action method Contacts.Controllers.ContactController.Delete (Contacts) - Validation state: Valid
2023-03-12 22:10:52.6248 INFO Entity Framework Core 5.0.17 initialized 'ApplicationDbContext' using provider 'Microsoft.EntityFrameworkCore.SqlServer' with options: None
2023-03-12 22:10:52.6248 INFO Executed DbCommand (2ms) [Parameters=[@__companyId_0='?' (DbType = Int32)], CommandType='Text', CommandTimeout='30']
SELECT [t].[Id], [t].[AddressId], [t].[Description], [t].[Name], [t0].[Id], [t0].[CategoryId], [t0].[CompanyId], [t0].[Email], [t0].[Name], [t0].[PhoneNumber], [t0].[Id0], [t0].[Name0]
FROM (
    SELECT TOP(1) [c].[Id], [c].[AddressId], [c].[Description], [c].[Name]
    FROM [Companies] AS [c]
    WHERE [c].[Id] = @__companyId_0
) AS [t]
LEFT JOIN (
    SELECT [c0].[Id], [c0].[CategoryId], [c0].[CompanyId], [c0].[Email], [c0].[Name], [c0].[PhoneNumber], [c1].[Id] AS [Id0], [c1].[Name] AS [Name0]
    FROM [Contacts] AS [c0]
    INNER JOIN [Categories] AS [c1] ON [c0].[CategoryId] = [c1].[Id]
) AS [t0] ON [t].[Id] = [t0].[CompanyId]
ORDER BY [t].[Id], [t0].[Id], [t0].[Id0]
2023-03-12 22:10:52.6248 INFO Executed DbCommand (1ms) [Parameters=[@__id_0='?' (DbType = Int32)], CommandType='Text', CommandTimeout='30']
SELECT TOP(1) [c].[Id], [c].[CategoryId], [c].[CompanyId], [c].[Email], [c].[Name], [c].[PhoneNumber]
FROM [Contacts] AS [c]
WHERE [c].[Id] = @__id_0
2023-03-12 22:10:52.6248 INFO Executed DbCommand (1ms) [Parameters=[@p0='?' (DbType = Int32)], CommandType='Text', CommandTimeout='30']
SET NOCOUNT ON;
DELETE FROM [Contacts]
WHERE [Id] = @p0;
SELECT @@ROWCOUNT;
2023-03-12 22:10:52.6248 INFO Executed action method Contacts.Controllers.ContactController.Delete (Contacts), returned result Microsoft.AspNetCore.Mvc.NoContentResult in 22.4216ms.
2023-03-12 22:10:52.6248 INFO Executing HttpStatusCodeResult, setting HTTP status code 204
2023-03-12 22:10:52.6248 INFO Executed action Contacts.Controllers.ContactController.Delete (Contacts) in 71.8995ms
2023-03-12 22:10:52.6248 INFO Executed endpoint 'Contacts.Controllers.ContactController.Delete (Contacts)'
2023-03-12 22:10:52.6248 INFO Request finished HTTP/1.1 DELETE https://localhost:5001/api/company/4/contact/7 application/json 110 - 204 - - 73.1908ms
2023-03-12 22:10:59.3573 INFO Request starting HTTP/1.1 GET https://localhost:5001/api/company/4 - -
2023-03-12 22:10:59.3573 INFO Executing endpoint 'Contacts.Controllers.CompanyController.GetById (Contacts)'
2023-03-12 22:10:59.3573 INFO Route matched with {action = "GetById", controller = "Company"}. Executing controller action with signature Microsoft.AspNetCore.Mvc.ActionResult`1[Contacts.Models.ContactDto] GetById(Int32) on controller Contacts.Controllers.CompanyController (Contacts).
2023-03-12 22:10:59.3757 INFO Executing action method Contacts.Controllers.CompanyController.GetById (Contacts) - Validation state: Valid
2023-03-12 22:10:59.3757 INFO Entity Framework Core 5.0.17 initialized 'ApplicationDbContext' using provider 'Microsoft.EntityFrameworkCore.SqlServer' with options: None
2023-03-12 22:10:59.3934 INFO Executed DbCommand (3ms) [Parameters=[@__id_0='?' (DbType = Int32)], CommandType='Text', CommandTimeout='30']
SELECT [t].[Id], [t].[AddressId], [t].[Description], [t].[Name], [t].[Id0], [t].[City], [t].[PostalCode], [t].[Street], [t0].[Id], [t0].[CategoryId], [t0].[CompanyId], [t0].[Email], [t0].[Name], [t0].[PhoneNumber], [t0].[Id0], [t0].[Name0]
FROM (
    SELECT TOP(1) [c].[Id], [c].[AddressId], [c].[Description], [c].[Name], [a].[Id] AS [Id0], [a].[City], [a].[PostalCode], [a].[Street]
    FROM [Companies] AS [c]
    INNER JOIN [Addresses] AS [a] ON [c].[AddressId] = [a].[Id]
    WHERE [c].[Id] = @__id_0
) AS [t]
LEFT JOIN (
    SELECT [c0].[Id], [c0].[CategoryId], [c0].[CompanyId], [c0].[Email], [c0].[Name], [c0].[PhoneNumber], [c1].[Id] AS [Id0], [c1].[Name] AS [Name0]
    FROM [Contacts] AS [c0]
    INNER JOIN [Categories] AS [c1] ON [c0].[CategoryId] = [c1].[Id]
) AS [t0] ON [t].[Id] = [t0].[CompanyId]
ORDER BY [t].[Id], [t].[Id0], [t0].[Id], [t0].[Id0]
2023-03-12 22:10:59.4084 INFO Executed action method Contacts.Controllers.CompanyController.GetById (Contacts), returned result Microsoft.AspNetCore.Mvc.OkObjectResult in 32.5264ms.
2023-03-12 22:10:59.4084 INFO Executing OkObjectResult, writing value of type 'Contacts.Models.CompanyDto'.
2023-03-12 22:10:59.4303 INFO Executed action Contacts.Controllers.CompanyController.GetById (Contacts) in 66.1536ms
2023-03-12 22:10:59.4303 INFO Executed endpoint 'Contacts.Controllers.CompanyController.GetById (Contacts)'
2023-03-12 22:10:59.4303 INFO Request finished HTTP/1.1 GET https://localhost:5001/api/company/4 - - - 200 - application/json;+charset=utf-8 73.2269ms
2023-03-12 22:13:19.9389 INFO Now listening on: https://localhost:5001
2023-03-12 22:13:19.9539 INFO Now listening on: http://localhost:5000
2023-03-12 22:13:19.9539 INFO Application started. Press Ctrl+C to shut down.
2023-03-12 22:13:19.9539 INFO Hosting environment: Development
2023-03-12 22:13:19.9539 INFO Content root path: C:\DOTNET kurs\Contacts\Contacts
2023-03-12 22:13:31.9504 INFO Now listening on: https://localhost:5001
2023-03-12 22:13:31.9649 INFO Now listening on: http://localhost:5000
2023-03-12 22:13:31.9649 INFO Application started. Press Ctrl+C to shut down.
2023-03-12 22:13:31.9649 INFO Hosting environment: Development
2023-03-12 22:13:31.9649 INFO Content root path: C:\DOTNET kurs\Contacts\Contacts
2023-03-12 22:13:33.2069 INFO Request starting HTTP/2 GET https://localhost:5001/swagger/index.html - -
2023-03-12 22:13:33.3323 INFO Request starting HTTP/2 GET https://localhost:5001/_vs/browserLink - -
2023-03-12 22:13:33.3323 INFO Request starting HTTP/2 GET https://localhost:5001/_framework/aspnetcore-browser-refresh.js - -
2023-03-12 22:13:33.3323 INFO Request finished HTTP/2 GET https://localhost:5001/swagger/index.html - - - 200 - text/html;charset=utf-8 125.9729ms
2023-03-12 22:13:33.3323 INFO Request finished HTTP/2 GET https://localhost:5001/_framework/aspnetcore-browser-refresh.js - - - 200 11986 application/javascript;+charset=utf-8 2.1905ms
2023-03-12 22:13:33.3457 INFO Request finished HTTP/2 GET https://localhost:5001/_vs/browserLink - - - 200 - text/javascript;+charset=UTF-8 12.7821ms
2023-03-12 22:13:33.4652 INFO Request starting HTTP/2 GET https://localhost:5001/swagger/v1/swagger.json - -
2023-03-12 22:13:33.5207 INFO Request finished HTTP/2 GET https://localhost:5001/swagger/v1/swagger.json - - - 200 - application/json;charset=utf-8 55.4254ms
2023-03-12 22:13:57.7590 INFO Request starting HTTP/2 GET https://localhost:5001/api/Company - -
2023-03-12 22:13:57.7792 INFO Executing endpoint 'Contacts.Controllers.CompanyController.GetAll (Contacts)'
2023-03-12 22:13:57.7898 INFO Route matched with {action = "GetAll", controller = "Company"}. Executing controller action with signature Microsoft.AspNetCore.Mvc.ActionResult`1[System.Collections.Generic.IEnumerable`1[Contacts.Models.CompanyDto]] GetAll() on controller Contacts.Controllers.CompanyController (Contacts).
2023-03-12 22:13:58.2694 INFO Entity Framework Core 5.0.17 initialized 'ApplicationDbContext' using provider 'Microsoft.EntityFrameworkCore.SqlServer' with options: None
2023-03-12 22:13:58.5909 INFO Executed DbCommand (15ms) [Parameters=[], CommandType='Text', CommandTimeout='30']
SELECT [c].[Id], [c].[AddressId], [c].[Description], [c].[Name], [a].[Id], [a].[City], [a].[PostalCode], [a].[Street], [t].[Id], [t].[CategoryId], [t].[CompanyId], [t].[Email], [t].[Name], [t].[PhoneNumber], [t].[Id0], [t].[Name0]
FROM [Companies] AS [c]
INNER JOIN [Addresses] AS [a] ON [c].[AddressId] = [a].[Id]
LEFT JOIN (
    SELECT [c0].[Id], [c0].[CategoryId], [c0].[CompanyId], [c0].[Email], [c0].[Name], [c0].[PhoneNumber], [c1].[Id] AS [Id0], [c1].[Name] AS [Name0]
    FROM [Contacts] AS [c0]
    INNER JOIN [Categories] AS [c1] ON [c0].[CategoryId] = [c1].[Id]
) AS [t] ON [c].[Id] = [t].[CompanyId]
ORDER BY [c].[Id], [a].[Id], [t].[Id], [t].[Id0]
2023-03-12 22:13:58.6556 INFO Executing OkObjectResult, writing value of type 'System.Collections.Generic.List`1[[Contacts.Models.CompanyDto, Contacts, Version=1.0.0.0, Culture=neutral, PublicKeyToken=null]]'.
2023-03-12 22:13:58.6556 INFO Executed action Contacts.Controllers.CompanyController.GetAll (Contacts) in 871.8897ms
2023-03-12 22:13:58.6556 INFO Executed endpoint 'Contacts.Controllers.CompanyController.GetAll (Contacts)'
2023-03-12 22:13:58.6659 INFO Request finished HTTP/2 GET https://localhost:5001/api/Company - - - 200 - application/json;+charset=utf-8 906.8454ms
