 --- Error(2023-03-12 21:20:45.0585)--- Exception Type: AutoMapper.AutoMapperMappingException Exception Message: Missing type map configuration or unsupported mapping.

Mapping types:
CreateCompanyDto -> Company
Contacts.Models.CreateCompanyDto -> Contacts.Entities.Company Additional Info: Missing type map configuration or unsupported mapping.

Mapping types:
CreateCompanyDto -> Company
Contacts.Models.CreateCompanyDto -> Contacts.Entities.Company Stack Trace: AutoMapper.AutoMapperMappingException: Missing type map configuration or unsupported mapping.

Mapping types:
CreateCompanyDto -> Company
Contacts.Models.CreateCompanyDto -> Contacts.Entities.Company
   at lambda_method9(Closure , Object , Company , ResolutionContext )
   at Contacts.Services.CompanyService.Create(CreateCompanyDto dto) in C:\DOTNET kurs\Contacts\Contacts\Services\CompanyService.cs:line 25
   at Contacts.Controllers.CompanyController.CreateCompany(CreateCompanyDto dto) in C:\DOTNET kurs\Contacts\Contacts\Controllers\CompanyController.cs:line 36
   at lambda_method2(Closure , Object , Object[] )
   at Microsoft.AspNetCore.Mvc.Infrastructure.ActionMethodExecutor.SyncActionResultExecutor.Execute(IActionResultTypeMapper mapper, ObjectMethodExecutor executor, Object controller, Object[] arguments)
   at Microsoft.AspNetCore.Mvc.Infrastructure.ControllerActionInvoker.<InvokeActionMethodAsync>g__Logged|12_1(ControllerActionInvoker invoker)
   at Microsoft.AspNetCore.Mvc.Infrastructure.ControllerActionInvoker.<InvokeNextActionFilterAsync>g__Awaited|10_0(ControllerActionInvoker invoker, Task lastTask, State next, Scope scope, Object state, Boolean isCompleted)
   at Microsoft.AspNetCore.Mvc.Infrastructure.ControllerActionInvoker.Rethrow(ActionExecutedContextSealed context)
   at Microsoft.AspNetCore.Mvc.Infrastructure.ControllerActionInvoker.Next(State& next, Scope& scope, Object& state, Boolean& isCompleted)
   at Microsoft.AspNetCore.Mvc.Infrastructure.ControllerActionInvoker.InvokeInnerFilterAsync()
--- End of stack trace from previous location ---
   at Microsoft.AspNetCore.Mvc.Infrastructure.ResourceInvoker.<InvokeFilterPipelineAsync>g__Awaited|19_0(ResourceInvoker invoker, Task lastTask, State next, Scope scope, Object state, Boolean isCompleted)
   at Microsoft.AspNetCore.Mvc.Infrastructure.ResourceInvoker.<InvokeAsync>g__Logged|17_1(ResourceInvoker invoker)
   at Microsoft.AspNetCore.Routing.EndpointMiddleware.<Invoke>g__AwaitRequestTask|6_0(Endpoint endpoint, Task requestTask, ILogger logger)
   at Microsoft.AspNetCore.Authorization.AuthorizationMiddleware.Invoke(HttpContext context)
   at Contacts.Middleware.ErrorHandlingMiddleware.InvokeAsync(HttpContext context, RequestDelegate next) in C:\DOTNET kurs\Contacts\Contacts\Middleware\ErrorHandlingMiddleware.cs:line 21    at lambda_method9(Closure , Object , Company , ResolutionContext )
   at Contacts.Services.CompanyService.Create(CreateCompanyDto dto) in C:\DOTNET kurs\Contacts\Contacts\Services\CompanyService.cs:line 25
   at Contacts.Controllers.CompanyController.CreateCompany(CreateCompanyDto dto) in C:\DOTNET kurs\Contacts\Contacts\Controllers\CompanyController.cs:line 36
   at lambda_method2(Closure , Object , Object[] )
   at Microsoft.AspNetCore.Mvc.Infrastructure.ActionMethodExecutor.SyncActionResultExecutor.Execute(IActionResultTypeMapper mapper, ObjectMethodExecutor executor, Object controller, Object[] arguments)
   at Microsoft.AspNetCore.Mvc.Infrastructure.ControllerActionInvoker.<InvokeActionMethodAsync>g__Logged|12_1(ControllerActionInvoker invoker)
   at Microsoft.AspNetCore.Mvc.Infrastructure.ControllerActionInvoker.<InvokeNextActionFilterAsync>g__Awaited|10_0(ControllerActionInvoker invoker, Task lastTask, State next, Scope scope, Object state, Boolean isCompleted)
   at Microsoft.AspNetCore.Mvc.Infrastructure.ControllerActionInvoker.Rethrow(ActionExecutedContextSealed context)
   at Microsoft.AspNetCore.Mvc.Infrastructure.ControllerActionInvoker.Next(State& next, Scope& scope, Object& state, Boolean& isCompleted)
   at Microsoft.AspNetCore.Mvc.Infrastructure.ControllerActionInvoker.InvokeInnerFilterAsync()
--- End of stack trace from previous location ---
   at Microsoft.AspNetCore.Mvc.Infrastructure.ResourceInvoker.<InvokeFilterPipelineAsync>g__Awaited|19_0(ResourceInvoker invoker, Task lastTask, State next, Scope scope, Object state, Boolean isCompleted)
   at Microsoft.AspNetCore.Mvc.Infrastructure.ResourceInvoker.<InvokeAsync>g__Logged|17_1(ResourceInvoker invoker)
   at Microsoft.AspNetCore.Routing.EndpointMiddleware.<Invoke>g__AwaitRequestTask|6_0(Endpoint endpoint, Task requestTask, ILogger logger)
   at Microsoft.AspNetCore.Authorization.AuthorizationMiddleware.Invoke(HttpContext context)
   at Contacts.Middleware.ErrorHandlingMiddleware.InvokeAsync(HttpContext context, RequestDelegate next) in C:\DOTNET kurs\Contacts\Contacts\Middleware\ErrorHandlingMiddleware.cs:line 21 ------
 --- Error(2023-03-12 21:23:30.3156)--- Exception Type: AutoMapper.AutoMapperMappingException Exception Message: Missing type map configuration or unsupported mapping.

Mapping types:
CreateCompanyDto -> Company
Contacts.Models.CreateCompanyDto -> Contacts.Entities.Company Additional Info: Missing type map configuration or unsupported mapping.

Mapping types:
CreateCompanyDto -> Company
Contacts.Models.CreateCompanyDto -> Contacts.Entities.Company Stack Trace: AutoMapper.AutoMapperMappingException: Missing type map configuration or unsupported mapping.

Mapping types:
CreateCompanyDto -> Company
Contacts.Models.CreateCompanyDto -> Contacts.Entities.Company
   at lambda_method9(Closure , Object , Company , ResolutionContext )
   at Contacts.Services.CompanyService.Create(CreateCompanyDto dto) in C:\DOTNET kurs\Contacts\Contacts\Services\CompanyService.cs:line 25
   at Contacts.Controllers.CompanyController.CreateCompany(CreateCompanyDto dto) in C:\DOTNET kurs\Contacts\Contacts\Controllers\CompanyController.cs:line 36
   at lambda_method2(Closure , Object , Object[] )
   at Microsoft.AspNetCore.Mvc.Infrastructure.ActionMethodExecutor.SyncActionResultExecutor.Execute(IActionResultTypeMapper mapper, ObjectMethodExecutor executor, Object controller, Object[] arguments)
   at Microsoft.AspNetCore.Mvc.Infrastructure.ControllerActionInvoker.<InvokeActionMethodAsync>g__Logged|12_1(ControllerActionInvoker invoker)
   at Microsoft.AspNetCore.Mvc.Infrastructure.ControllerActionInvoker.<InvokeNextActionFilterAsync>g__Awaited|10_0(ControllerActionInvoker invoker, Task lastTask, State next, Scope scope, Object state, Boolean isCompleted)
   at Microsoft.AspNetCore.Mvc.Infrastructure.ControllerActionInvoker.Rethrow(ActionExecutedContextSealed context)
   at Microsoft.AspNetCore.Mvc.Infrastructure.ControllerActionInvoker.Next(State& next, Scope& scope, Object& state, Boolean& isCompleted)
   at Microsoft.AspNetCore.Mvc.Infrastructure.ControllerActionInvoker.InvokeInnerFilterAsync()
--- End of stack trace from previous location ---
   at Microsoft.AspNetCore.Mvc.Infrastructure.ResourceInvoker.<InvokeFilterPipelineAsync>g__Awaited|19_0(ResourceInvoker invoker, Task lastTask, State next, Scope scope, Object state, Boolean isCompleted)
   at Microsoft.AspNetCore.Mvc.Infrastructure.ResourceInvoker.<InvokeAsync>g__Logged|17_1(ResourceInvoker invoker)
   at Microsoft.AspNetCore.Routing.EndpointMiddleware.<Invoke>g__AwaitRequestTask|6_0(Endpoint endpoint, Task requestTask, ILogger logger)
   at Microsoft.AspNetCore.Authorization.AuthorizationMiddleware.Invoke(HttpContext context)
   at Contacts.Middleware.ErrorHandlingMiddleware.InvokeAsync(HttpContext context, RequestDelegate next) in C:\DOTNET kurs\Contacts\Contacts\Middleware\ErrorHandlingMiddleware.cs:line 21    at lambda_method9(Closure , Object , Company , ResolutionContext )
   at Contacts.Services.CompanyService.Create(CreateCompanyDto dto) in C:\DOTNET kurs\Contacts\Contacts\Services\CompanyService.cs:line 25
   at Contacts.Controllers.CompanyController.CreateCompany(CreateCompanyDto dto) in C:\DOTNET kurs\Contacts\Contacts\Controllers\CompanyController.cs:line 36
   at lambda_method2(Closure , Object , Object[] )
   at Microsoft.AspNetCore.Mvc.Infrastructure.ActionMethodExecutor.SyncActionResultExecutor.Execute(IActionResultTypeMapper mapper, ObjectMethodExecutor executor, Object controller, Object[] arguments)
   at Microsoft.AspNetCore.Mvc.Infrastructure.ControllerActionInvoker.<InvokeActionMethodAsync>g__Logged|12_1(ControllerActionInvoker invoker)
   at Microsoft.AspNetCore.Mvc.Infrastructure.ControllerActionInvoker.<InvokeNextActionFilterAsync>g__Awaited|10_0(ControllerActionInvoker invoker, Task lastTask, State next, Scope scope, Object state, Boolean isCompleted)
   at Microsoft.AspNetCore.Mvc.Infrastructure.ControllerActionInvoker.Rethrow(ActionExecutedContextSealed context)
   at Microsoft.AspNetCore.Mvc.Infrastructure.ControllerActionInvoker.Next(State& next, Scope& scope, Object& state, Boolean& isCompleted)
   at Microsoft.AspNetCore.Mvc.Infrastructure.ControllerActionInvoker.InvokeInnerFilterAsync()
--- End of stack trace from previous location ---
   at Microsoft.AspNetCore.Mvc.Infrastructure.ResourceInvoker.<InvokeFilterPipelineAsync>g__Awaited|19_0(ResourceInvoker invoker, Task lastTask, State next, Scope scope, Object state, Boolean isCompleted)
   at Microsoft.AspNetCore.Mvc.Infrastructure.ResourceInvoker.<InvokeAsync>g__Logged|17_1(ResourceInvoker invoker)
   at Microsoft.AspNetCore.Routing.EndpointMiddleware.<Invoke>g__AwaitRequestTask|6_0(Endpoint endpoint, Task requestTask, ILogger logger)
   at Microsoft.AspNetCore.Authorization.AuthorizationMiddleware.Invoke(HttpContext context)
   at Contacts.Middleware.ErrorHandlingMiddleware.InvokeAsync(HttpContext context, RequestDelegate next) in C:\DOTNET kurs\Contacts\Contacts\Middleware\ErrorHandlingMiddleware.cs:line 21 ------
 --- Error(2023-03-12 21:52:30.0512)--- Exception Type:  Exception Message:  Additional Info: Failed executing DbCommand (12ms) [Parameters=[], CommandType='Text', CommandTimeout='30']
DECLARE @var1 sysname;
SELECT @var1 = [d].[name]
FROM [sys].[default_constraints] [d]
INNER JOIN [sys].[columns] [c] ON [d].[parent_column_id] = [c].[column_id] AND [d].[parent_object_id] = [c].[object_id]
WHERE ([d].[parent_object_id] = OBJECT_ID(N'[Companies]') AND [c].[name] = N'Description');
IF @var1 IS NOT NULL EXEC(N'ALTER TABLE [Companies] DROP CONSTRAINT [' + @var1 + '];');
ALTER TABLE [Companies] ALTER COLUMN [Description] nvarchar(max) NOT NULL;
ALTER TABLE [Companies] ADD DEFAULT N'' FOR [Description]; Stack Trace:  ------
 --- Error(2023-03-12 22:03:42.1721)--- Exception Type: AutoMapper.AutoMapperMappingException Exception Message: Missing type map configuration or unsupported mapping.

Mapping types:
CreateContactDto -> Contact
Contacts.Models.CreateContactDto -> Contacts.Entities.Contact Additional Info: Missing type map configuration or unsupported mapping.

Mapping types:
CreateContactDto -> Contact
Contacts.Models.CreateContactDto -> Contacts.Entities.Contact Stack Trace: AutoMapper.AutoMapperMappingException: Missing type map configuration or unsupported mapping.

Mapping types:
CreateContactDto -> Contact
Contacts.Models.CreateContactDto -> Contacts.Entities.Contact
   at lambda_method145(Closure , Object , Contact , ResolutionContext )
   at Contacts.Services.ContactService.Create(Int32 companyId, CreateContactDto dto) in C:\DOTNET kurs\Contacts\Contacts\Services\ContactService.cs:line 26
   at Contacts.Controllers.ContactController.CreateContact(Int32 companyId, CreateContactDto dto) in C:\DOTNET kurs\Contacts\Contacts\Controllers\ContactController.cs:line 38
   at lambda_method133(Closure , Object , Object[] )
   at Microsoft.AspNetCore.Mvc.Infrastructure.ActionMethodExecutor.SyncActionResultExecutor.Execute(IActionResultTypeMapper mapper, ObjectMethodExecutor executor, Object controller, Object[] arguments)
   at Microsoft.AspNetCore.Mvc.Infrastructure.ControllerActionInvoker.<InvokeActionMethodAsync>g__Logged|12_1(ControllerActionInvoker invoker)
   at Microsoft.AspNetCore.Mvc.Infrastructure.ControllerActionInvoker.<InvokeNextActionFilterAsync>g__Awaited|10_0(ControllerActionInvoker invoker, Task lastTask, State next, Scope scope, Object state, Boolean isCompleted)
   at Microsoft.AspNetCore.Mvc.Infrastructure.ControllerActionInvoker.Rethrow(ActionExecutedContextSealed context)
   at Microsoft.AspNetCore.Mvc.Infrastructure.ControllerActionInvoker.Next(State& next, Scope& scope, Object& state, Boolean& isCompleted)
   at Microsoft.AspNetCore.Mvc.Infrastructure.ControllerActionInvoker.InvokeInnerFilterAsync()
--- End of stack trace from previous location ---
   at Microsoft.AspNetCore.Mvc.Infrastructure.ResourceInvoker.<InvokeFilterPipelineAsync>g__Awaited|19_0(ResourceInvoker invoker, Task lastTask, State next, Scope scope, Object state, Boolean isCompleted)
   at Microsoft.AspNetCore.Mvc.Infrastructure.ResourceInvoker.<InvokeAsync>g__Logged|17_1(ResourceInvoker invoker)
   at Microsoft.AspNetCore.Routing.EndpointMiddleware.<Invoke>g__AwaitRequestTask|6_0(Endpoint endpoint, Task requestTask, ILogger logger)
   at Microsoft.AspNetCore.Authorization.AuthorizationMiddleware.Invoke(HttpContext context)
   at Contacts.Middleware.ErrorHandlingMiddleware.InvokeAsync(HttpContext context, RequestDelegate next) in C:\DOTNET kurs\Contacts\Contacts\Middleware\ErrorHandlingMiddleware.cs:line 21    at lambda_method145(Closure , Object , Contact , ResolutionContext )
   at Contacts.Services.ContactService.Create(Int32 companyId, CreateContactDto dto) in C:\DOTNET kurs\Contacts\Contacts\Services\ContactService.cs:line 26
   at Contacts.Controllers.ContactController.CreateContact(Int32 companyId, CreateContactDto dto) in C:\DOTNET kurs\Contacts\Contacts\Controllers\ContactController.cs:line 38
   at lambda_method133(Closure , Object , Object[] )
   at Microsoft.AspNetCore.Mvc.Infrastructure.ActionMethodExecutor.SyncActionResultExecutor.Execute(IActionResultTypeMapper mapper, ObjectMethodExecutor executor, Object controller, Object[] arguments)
   at Microsoft.AspNetCore.Mvc.Infrastructure.ControllerActionInvoker.<InvokeActionMethodAsync>g__Logged|12_1(ControllerActionInvoker invoker)
   at Microsoft.AspNetCore.Mvc.Infrastructure.ControllerActionInvoker.<InvokeNextActionFilterAsync>g__Awaited|10_0(ControllerActionInvoker invoker, Task lastTask, State next, Scope scope, Object state, Boolean isCompleted)
   at Microsoft.AspNetCore.Mvc.Infrastructure.ControllerActionInvoker.Rethrow(ActionExecutedContextSealed context)
   at Microsoft.AspNetCore.Mvc.Infrastructure.ControllerActionInvoker.Next(State& next, Scope& scope, Object& state, Boolean& isCompleted)
   at Microsoft.AspNetCore.Mvc.Infrastructure.ControllerActionInvoker.InvokeInnerFilterAsync()
--- End of stack trace from previous location ---
   at Microsoft.AspNetCore.Mvc.Infrastructure.ResourceInvoker.<InvokeFilterPipelineAsync>g__Awaited|19_0(ResourceInvoker invoker, Task lastTask, State next, Scope scope, Object state, Boolean isCompleted)
   at Microsoft.AspNetCore.Mvc.Infrastructure.ResourceInvoker.<InvokeAsync>g__Logged|17_1(ResourceInvoker invoker)
   at Microsoft.AspNetCore.Routing.EndpointMiddleware.<Invoke>g__AwaitRequestTask|6_0(Endpoint endpoint, Task requestTask, ILogger logger)
   at Microsoft.AspNetCore.Authorization.AuthorizationMiddleware.Invoke(HttpContext context)
   at Contacts.Middleware.ErrorHandlingMiddleware.InvokeAsync(HttpContext context, RequestDelegate next) in C:\DOTNET kurs\Contacts\Contacts\Middleware\ErrorHandlingMiddleware.cs:line 21 ------
